{"C:\\Users\\rrome\\slicks\\app\\ErrorBoundary.tsx": {"path":"C:\\Users\\rrome\\slicks\\app\\ErrorBoundary.tsx","statementMap":{"0":{"start":{"line":48,"column":0},"end":{"line":48,"column":15}},"1":{"start":{"line":2,"column":44},"end":{"line":2,"column":null}},"2":{"start":{"line":14,"column":4},"end":{"line":14,"column":null}},"3":{"start":{"line":15,"column":4},"end":{"line":15,"column":null}},"4":{"start":{"line":19,"column":4},"end":{"line":19,"column":null}},"5":{"start":{"line":23,"column":4},"end":{"line":23,"column":null}},"6":{"start":{"line":27,"column":4},"end":{"line":42,"column":null}},"7":{"start":{"line":35,"column":29},"end":{"line":35,"column":null}},"8":{"start":{"line":44,"column":4},"end":{"line":44,"column":null}},"9":{"start":{"line":48,"column":15},"end":{"line":48,"column":null}}},"fnMap":{"0":{"name":"(anonymous_2)","decl":{"start":{"line":13,"column":2},"end":{"line":13,"column":14}},"loc":{"start":{"line":13,"column":41},"end":{"line":16,"column":null}}},"1":{"name":"(anonymous_3)","decl":{"start":{"line":18,"column":2},"end":{"line":18,"column":9}},"loc":{"start":{"line":18,"column":64},"end":{"line":20,"column":null}}},"2":{"name":"(anonymous_4)","decl":{"start":{"line":22,"column":2},"end":{"line":22,"column":20}},"loc":{"start":{"line":22,"column":56},"end":{"line":24,"column":null}}},"3":{"name":"(anonymous_5)","decl":{"start":{"line":26,"column":2},"end":{"line":26,"column":11}},"loc":{"start":{"line":26,"column":11},"end":{"line":45,"column":null}}},"4":{"name":"(anonymous_6)","decl":{"start":{"line":35,"column":23},"end":{"line":35,"column":29}},"loc":{"start":{"line":35,"column":29},"end":{"line":35,"column":null}}}},"branchMap":{"0":{"loc":{"start":{"line":27,"column":4},"end":{"line":42,"column":null}},"type":"if","locations":[{"start":{"line":27,"column":4},"end":{"line":42,"column":null}}]}},"s":{"0":5,"1":2,"2":0,"3":0,"4":5,"5":0,"6":0,"7":0,"8":0,"9":2},"f":{"0":0,"1":5,"2":0,"3":0,"4":0},"b":{"0":[0]}}
,"C:\\Users\\rrome\\slicks\\components\\AuthAware.tsx": {"path":"C:\\Users\\rrome\\slicks\\components\\AuthAware.tsx","statementMap":{"0":{"start":{"line":79,"column":16},"end":{"line":79,"column":33}},"1":{"start":{"line":7,"column":16},"end":{"line":7,"column":33}},"2":{"start":{"line":1,"column":40},"end":{"line":1,"column":null}},"3":{"start":{"line":2,"column":38},"end":{"line":2,"column":null}},"4":{"start":{"line":3,"column":20},"end":{"line":3,"column":null}},"5":{"start":{"line":5,"column":24},"end":{"line":5,"column":null}},"6":{"start":{"line":8,"column":21},"end":{"line":8,"column":null}},"7":{"start":{"line":9,"column":30},"end":{"line":9,"column":null}},"8":{"start":{"line":10,"column":32},"end":{"line":10,"column":null}},"9":{"start":{"line":11,"column":44},"end":{"line":11,"column":null}},"10":{"start":{"line":12,"column":23},"end":{"line":13,"column":null}},"11":{"start":{"line":15,"column":28},"end":{"line":16,"column":null}},"12":{"start":{"line":18,"column":25},"end":{"line":18,"column":null}},"13":{"start":{"line":20,"column":29},"end":{"line":34,"column":null}},"14":{"start":{"line":21,"column":21},"end":{"line":21,"column":44}},"15":{"start":{"line":22,"column":8},"end":{"line":22,"column":null}},"16":{"start":{"line":22,"column":19},"end":{"line":22,"column":null}},"17":{"start":{"line":24,"column":26},"end":{"line":24,"column":null}},"18":{"start":{"line":25,"column":23},"end":{"line":29,"column":null}},"19":{"start":{"line":30,"column":30},"end":{"line":30,"column":null}},"20":{"start":{"line":32,"column":32},"end":{"line":32,"column":null}},"21":{"start":{"line":33,"column":8},"end":{"line":33,"column":null}},"22":{"start":{"line":36,"column":4},"end":{"line":38,"column":null}},"23":{"start":{"line":58,"column":28},"end":{"line":58,"column":45}},"24":{"start":{"line":67,"column":24},"end":{"line":67,"column":41}},"25":{"start":{"line":80,"column":21},"end":{"line":80,"column":null}},"26":{"start":{"line":81,"column":28},"end":{"line":81,"column":null}},"27":{"start":{"line":82,"column":32},"end":{"line":82,"column":null}},"28":{"start":{"line":84,"column":31},"end":{"line":86,"column":null}},"29":{"start":{"line":85,"column":8},"end":{"line":85,"column":null}},"30":{"start":{"line":88,"column":4},"end":{"line":90,"column":null}},"31":{"start":{"line":96,"column":16},"end":{"line":96,"column":39}},"32":{"start":{"line":104,"column":43},"end":{"line":104,"column":89}}},"fnMap":{"0":{"name":"VehicleAssessment","decl":{"start":{"line":7,"column":16},"end":{"line":7,"column":33}},"loc":{"start":{"line":7,"column":113},"end":{"line":77,"column":null}}},"1":{"name":"(anonymous_7)","decl":{"start":{"line":20,"column":29},"end":{"line":20,"column":36}},"loc":{"start":{"line":20,"column":36},"end":{"line":34,"column":null}}},"2":{"name":"(anonymous_8)","decl":{"start":{"line":57,"column":60},"end":{"line":57,"column":61}},"loc":{"start":{"line":58,"column":28},"end":{"line":58,"column":45}}},"3":{"name":"(anonymous_9)","decl":{"start":{"line":66,"column":41},"end":{"line":66,"column":42}},"loc":{"start":{"line":67,"column":24},"end":{"line":67,"column":41}}},"4":{"name":"RealtimeDashboard","decl":{"start":{"line":79,"column":16},"end":{"line":79,"column":33}},"loc":{"start":{"line":79,"column":16},"end":{"line":111,"column":null}}},"5":{"name":"(anonymous_11)","decl":{"start":{"line":84,"column":31},"end":{"line":84,"column":38}},"loc":{"start":{"line":84,"column":49},"end":{"line":86,"column":null}}},"6":{"name":"(anonymous_12)","decl":{"start":{"line":95,"column":34},"end":{"line":95,"column":35}},"loc":{"start":{"line":96,"column":16},"end":{"line":96,"column":39}}},"7":{"name":"(anonymous_13)","decl":{"start":{"line":104,"column":37},"end":{"line":104,"column":43}},"loc":{"start":{"line":104,"column":43},"end":{"line":104,"column":89}}}},"branchMap":{"0":{"loc":{"start":{"line":13,"column":8},"end":{"line":13,"column":null}},"type":"cond-expr","locations":[{"start":{"line":13,"column":23},"end":{"line":13,"column":42}},{"start":{"line":13,"column":42},"end":{"line":13,"column":null}}]},"1":{"loc":{"start":{"line":16,"column":8},"end":{"line":16,"column":null}},"type":"cond-expr","locations":[{"start":{"line":16,"column":23},"end":{"line":16,"column":52}},{"start":{"line":16,"column":52},"end":{"line":16,"column":null}}]},"2":{"loc":{"start":{"line":22,"column":8},"end":{"line":22,"column":null}},"type":"if","locations":[{"start":{"line":22,"column":8},"end":{"line":22,"column":null}}]},"3":{"loc":{"start":{"line":36,"column":4},"end":{"line":38,"column":null}},"type":"if","locations":[{"start":{"line":36,"column":4},"end":{"line":38,"column":null}}]},"4":{"loc":{"start":{"line":49,"column":13},"end":{"line":49,"column":null}},"type":"binary-expr","locations":[{"start":{"line":49,"column":13},"end":{"line":49,"column":null}}]},"5":{"loc":{"start":{"line":63,"column":13},"end":{"line":63,"column":null}},"type":"binary-expr","locations":[{"start":{"line":63,"column":13},"end":{"line":63,"column":null}}]},"6":{"loc":{"start":{"line":88,"column":4},"end":{"line":90,"column":null}},"type":"if","locations":[{"start":{"line":88,"column":4},"end":{"line":90,"column":null}}]}},"s":{"0":5,"1":0,"2":1,"3":1,"4":1,"5":1,"6":0,"7":0,"8":0,"9":0,"10":0,"11":0,"12":0,"13":0,"14":0,"15":0,"16":0,"17":0,"18":0,"19":0,"20":0,"21":0,"22":0,"23":0,"24":0,"25":0,"26":0,"27":0,"28":0,"29":0,"30":0,"31":0,"32":0},"f":{"0":0,"1":0,"2":0,"3":0,"4":0,"5":0,"6":0,"7":0},"b":{"0":[0,0],"1":[0,0],"2":[0],"3":[0],"4":[0],"5":[0],"6":[0]}}
,"C:\\Users\\rrome\\slicks\\components\\ErrorMessage.tsx": {"path":"C:\\Users\\rrome\\slicks\\components\\ErrorMessage.tsx","statementMap":{"0":{"start":{"line":8,"column":16},"end":{"line":8,"column":29}},"1":{"start":{"line":2,"column":18},"end":{"line":2,"column":null}}},"fnMap":{"0":{"name":"ErrorMessage","decl":{"start":{"line":8,"column":16},"end":{"line":8,"column":29}},"loc":{"start":{"line":8,"column":59},"end":{"line":14,"column":null}}}},"branchMap":{},"s":{"0":5,"1":1},"f":{"0":0},"b":{}}
,"C:\\Users\\rrome\\slicks\\components\\LoadingSpinner.tsx": {"path":"C:\\Users\\rrome\\slicks\\components\\LoadingSpinner.tsx","statementMap":{"0":{"start":{"line":12,"column":0},"end":{"line":12,"column":15}},"1":{"start":{"line":2,"column":18},"end":{"line":2,"column":null}},"2":{"start":{"line":4,"column":33},"end":{"line":10,"column":null}},"3":{"start":{"line":12,"column":15},"end":{"line":12,"column":null}}},"fnMap":{"0":{"name":"(anonymous_2)","decl":{"start":{"line":4,"column":33},"end":{"line":4,"column":null}},"loc":{"start":{"line":4,"column":33},"end":{"line":10,"column":null}}}},"branchMap":{},"s":{"0":3,"1":1,"2":1,"3":1},"f":{"0":0},"b":{}}
,"C:\\Users\\rrome\\slicks\\components\\PermissionDenied.tsx": {"path":"C:\\Users\\rrome\\slicks\\components\\PermissionDenied.tsx","statementMap":{"0":{"start":{"line":8,"column":16},"end":{"line":8,"column":33}},"1":{"start":{"line":2,"column":18},"end":{"line":2,"column":null}}},"fnMap":{"0":{"name":"PermissionDenied","decl":{"start":{"line":8,"column":16},"end":{"line":8,"column":33}},"loc":{"start":{"line":8,"column":72},"end":{"line":16,"column":null}}}},"branchMap":{},"s":{"0":4,"1":1},"f":{"0":0},"b":{}}
,"C:\\Users\\rrome\\slicks\\components\\Real-TimeChat.tsx": {"path":"C:\\Users\\rrome\\slicks\\components\\Real-TimeChat.tsx","statementMap":{"0":{"start":{"line":14,"column":16},"end":{"line":14,"column":30}},"1":{"start":{"line":1,"column":43},"end":{"line":1,"column":null}},"2":{"start":{"line":2,"column":38},"end":{"line":2,"column":null}},"3":{"start":{"line":3,"column":20},"end":{"line":3,"column":null}},"4":{"start":{"line":4,"column":23},"end":{"line":4,"column":null}},"5":{"start":{"line":5,"column":22},"end":{"line":5,"column":null}},"6":{"start":{"line":15,"column":34},"end":{"line":15,"column":null}},"7":{"start":{"line":16,"column":21},"end":{"line":16,"column":null}},"8":{"start":{"line":17,"column":24},"end":{"line":17,"column":null}},"9":{"start":{"line":19,"column":30},"end":{"line":32,"column":null}},"10":{"start":{"line":20,"column":31},"end":{"line":20,"column":null}},"11":{"start":{"line":21,"column":8},"end":{"line":31,"column":null}},"12":{"start":{"line":22,"column":32},"end":{"line":27,"column":null}},"13":{"start":{"line":29,"column":12},"end":{"line":29,"column":null}},"14":{"start":{"line":30,"column":12},"end":{"line":30,"column":null}},"15":{"start":{"line":34,"column":4},"end":{"line":40,"column":null}},"16":{"start":{"line":36,"column":28},"end":{"line":36,"column":null}},"17":{"start":{"line":37,"column":8},"end":{"line":39,"column":null}},"18":{"start":{"line":38,"column":12},"end":{"line":38,"column":null}},"19":{"start":{"line":46,"column":20},"end":{"line":47,"column":null}},"20":{"start":{"line":62,"column":41},"end":{"line":62,"column":null}},"21":{"start":{"line":64,"column":40},"end":{"line":64,"column":null}}},"fnMap":{"0":{"name":"ChatComponent","decl":{"start":{"line":14,"column":16},"end":{"line":14,"column":30}},"loc":{"start":{"line":14,"column":102},"end":{"line":71,"column":null}}},"1":{"name":"(anonymous_5)","decl":{"start":{"line":19,"column":30},"end":{"line":19,"column":null}},"loc":{"start":{"line":19,"column":30},"end":{"line":32,"column":null}}},"2":{"name":"(anonymous_6)","decl":{"start":{"line":34,"column":14},"end":{"line":34,"column":null}},"loc":{"start":{"line":34,"column":14},"end":{"line":40,"column":7}}},"3":{"name":"(anonymous_7)","decl":{"start":{"line":45,"column":31},"end":{"line":45,"column":32}},"loc":{"start":{"line":46,"column":20},"end":{"line":47,"column":null}}},"4":{"name":"(anonymous_8)","decl":{"start":{"line":62,"column":34},"end":{"line":62,"column":35}},"loc":{"start":{"line":62,"column":41},"end":{"line":62,"column":null}}},"5":{"name":"(anonymous_9)","decl":{"start":{"line":64,"column":33},"end":{"line":64,"column":34}},"loc":{"start":{"line":64,"column":40},"end":{"line":64,"column":null}}}},"branchMap":{"0":{"loc":{"start":{"line":21,"column":8},"end":{"line":31,"column":null}},"type":"if","locations":[{"start":{"line":21,"column":8},"end":{"line":31,"column":null}}]},"1":{"loc":{"start":{"line":37,"column":8},"end":{"line":39,"column":null}},"type":"if","locations":[{"start":{"line":37,"column":8},"end":{"line":39,"column":null}}]},"2":{"loc":{"start":{"line":48,"column":53},"end":{"line":48,"column":null}},"type":"cond-expr","locations":[{"start":{"line":48,"column":79},"end":{"line":48,"column":103}},{"start":{"line":48,"column":103},"end":{"line":48,"column":null}}]},"3":{"loc":{"start":{"line":64,"column":40},"end":{"line":64,"column":null}},"type":"binary-expr","locations":[{"start":{"line":64,"column":40},"end":{"line":64,"column":61}},{"start":{"line":64,"column":61},"end":{"line":64,"column":null}}]}},"s":{"0":11,"1":2,"2":2,"3":2,"4":2,"5":2,"6":0,"7":0,"8":0,"9":0,"10":0,"11":0,"12":0,"13":0,"14":0,"15":0,"16":0,"17":0,"18":0,"19":0,"20":0,"21":0},"f":{"0":0,"1":0,"2":0,"3":0,"4":0,"5":0},"b":{"0":[0],"1":[0],"2":[0,0],"3":[0,0]}}
,"C:\\Users\\rrome\\slicks\\components\\Real-TimeDashboard.tsx": {"path":"C:\\Users\\rrome\\slicks\\components\\Real-TimeDashboard.tsx","statementMap":{"0":{"start":{"line":5,"column":16},"end":{"line":5,"column":null}},"1":{"start":{"line":1,"column":18},"end":{"line":1,"column":null}},"2":{"start":{"line":2,"column":38},"end":{"line":2,"column":null}},"3":{"start":{"line":3,"column":20},"end":{"line":3,"column":null}},"4":{"start":{"line":6,"column":28},"end":{"line":6,"column":null}},"5":{"start":{"line":7,"column":32},"end":{"line":7,"column":null}},"6":{"start":{"line":9,"column":31},"end":{"line":11,"column":null}},"7":{"start":{"line":10,"column":8},"end":{"line":10,"column":null}},"8":{"start":{"line":17,"column":16},"end":{"line":17,"column":39}},"9":{"start":{"line":25,"column":43},"end":{"line":25,"column":89}}},"fnMap":{"0":{"name":"RealtimeDashboard","decl":{"start":{"line":5,"column":16},"end":{"line":5,"column":null}},"loc":{"start":{"line":5,"column":16},"end":{"line":32,"column":null}}},"1":{"name":"(anonymous_3)","decl":{"start":{"line":9,"column":31},"end":{"line":9,"column":38}},"loc":{"start":{"line":9,"column":49},"end":{"line":11,"column":null}}},"2":{"name":"(anonymous_4)","decl":{"start":{"line":16,"column":34},"end":{"line":16,"column":35}},"loc":{"start":{"line":17,"column":16},"end":{"line":17,"column":39}}},"3":{"name":"(anonymous_5)","decl":{"start":{"line":25,"column":37},"end":{"line":25,"column":43}},"loc":{"start":{"line":25,"column":43},"end":{"line":25,"column":89}}}},"branchMap":{},"s":{"0":5,"1":1,"2":1,"3":1,"4":0,"5":0,"6":0,"7":0,"8":0,"9":0},"f":{"0":0,"1":0,"2":0,"3":0},"b":{}}
,"C:\\Users\\rrome\\slicks\\components\\ui\\button.tsx": {"path":"C:\\Users\\rrome\\slicks\\components\\ui\\button.tsx","statementMap":{"0":{"start":{"line":57,"column":9},"end":{"line":57,"column":15}},"1":{"start":{"line":57,"column":17},"end":{"line":57,"column":31}},"2":{"start":{"line":1,"column":23},"end":{"line":1,"column":null}},"3":{"start":{"line":2,"column":21},"end":{"line":2,"column":null}},"4":{"start":{"line":3,"column":39},"end":{"line":3,"column":null}},"5":{"start":{"line":5,"column":19},"end":{"line":5,"column":null}},"6":{"start":{"line":7,"column":23},"end":{"line":34,"column":null}},"7":{"start":{"line":43,"column":15},"end":{"line":53,"column":null}},"8":{"start":{"line":45,"column":17},"end":{"line":45,"column":null}},"9":{"start":{"line":55,"column":0},"end":{"line":55,"column":null}}},"fnMap":{"0":{"name":"(anonymous_6)","decl":{"start":{"line":44,"column":2},"end":{"line":44,"column":3}},"loc":{"start":{"line":44,"column":60},"end":{"line":53,"column":null}}}},"branchMap":{"0":{"loc":{"start":{"line":44,"column":31},"end":{"line":44,"column":46}},"type":"default-arg","locations":[{"start":{"line":44,"column":41},"end":{"line":44,"column":46}}]},"1":{"loc":{"start":{"line":45,"column":17},"end":{"line":45,"column":null}},"type":"cond-expr","locations":[{"start":{"line":45,"column":27},"end":{"line":45,"column":31}},{"start":{"line":45,"column":34},"end":{"line":45,"column":null}}]}},"s":{"0":0,"1":0,"2":2,"3":2,"4":2,"5":2,"6":2,"7":2,"8":0,"9":2},"f":{"0":0},"b":{"0":[0],"1":[0,0]}}
,"C:\\Users\\rrome\\slicks\\components\\ui\\input.tsx": {"path":"C:\\Users\\rrome\\slicks\\components\\ui\\input.tsx","statementMap":{"0":{"start":{"line":25,"column":9},"end":{"line":25,"column":null}},"1":{"start":{"line":1,"column":23},"end":{"line":1,"column":null}},"2":{"start":{"line":3,"column":19},"end":{"line":3,"column":null}},"3":{"start":{"line":8,"column":14},"end":{"line":21,"column":null}},"4":{"start":{"line":23,"column":0},"end":{"line":23,"column":null}}},"fnMap":{"0":{"name":"(anonymous_4)","decl":{"start":{"line":9,"column":2},"end":{"line":9,"column":3}},"loc":{"start":{"line":9,"column":34},"end":{"line":21,"column":null}}}},"branchMap":{},"s":{"0":0,"1":2,"2":2,"3":2,"4":2},"f":{"0":0},"b":{}}
,"C:\\Users\\rrome\\slicks\\convex\\_generated\\api.js": {"path":"C:\\Users\\rrome\\slicks\\convex\\_generated\\api.js","statementMap":{"0":{"start":{"line":22,"column":13},"end":{"line":22,"column":16}},"1":{"start":{"line":23,"column":13},"end":{"line":23,"column":21}},"2":{"start":{"line":12,"column":23},"end":{"line":12,"column":null}},"3":{"start":{"line":22,"column":19},"end":{"line":22,"column":25}},"4":{"start":{"line":23,"column":24},"end":{"line":23,"column":30}}},"fnMap":{},"branchMap":{},"s":{"0":0,"1":0,"2":2,"3":2,"4":2},"f":{},"b":{}}
,"C:\\Users\\rrome\\slicks\\lib\\utils.ts": {"path":"C:\\Users\\rrome\\slicks\\lib\\utils.ts","statementMap":{"0":{"start":{"line":4,"column":16},"end":{"line":4,"column":19}},"1":{"start":{"line":1,"column":38},"end":{"line":1,"column":null}},"2":{"start":{"line":2,"column":24},"end":{"line":2,"column":null}},"3":{"start":{"line":5,"column":2},"end":{"line":5,"column":null}}},"fnMap":{"0":{"name":"cn","decl":{"start":{"line":4,"column":16},"end":{"line":4,"column":19}},"loc":{"start":{"line":4,"column":42},"end":{"line":6,"column":null}}}},"branchMap":{},"s":{"0":0,"1":2,"2":2,"3":0},"f":{"0":0},"b":{}}
}
