TN:
SF:app\ErrorBoundary.tsx
FN:13,(anonymous_2)
FN:18,(anonymous_3)
FN:22,(anonymous_4)
FN:26,(anonymous_5)
FN:35,(anonymous_6)
FNF:5
FNH:1
FNDA:0,(anonymous_2)
FNDA:5,(anonymous_3)
FNDA:0,(anonymous_4)
FNDA:0,(anonymous_5)
FNDA:0,(anonymous_6)
DA:2,2
DA:14,0
DA:15,0
DA:19,5
DA:23,0
DA:27,0
DA:35,0
DA:44,0
DA:48,5
LF:9
LH:3
BRDA:27,0,0,0
BRF:1
BRH:0
end_of_record
TN:
SF:components\AuthAware.tsx
FN:7,VehicleAssessment
FN:20,(anonymous_7)
FN:57,(anonymous_8)
FN:66,(anonymous_9)
FN:79,RealtimeDashboard
FN:84,(anonymous_11)
FN:95,(anonymous_12)
FN:104,(anonymous_13)
FNF:8
FNH:0
FNDA:0,VehicleAssessment
FNDA:0,(anonymous_7)
FNDA:0,(anonymous_8)
FNDA:0,(anonymous_9)
FNDA:0,RealtimeDashboard
FNDA:0,(anonymous_11)
FNDA:0,(anonymous_12)
FNDA:0,(anonymous_13)
DA:1,1
DA:2,1
DA:3,1
DA:5,1
DA:7,0
DA:8,0
DA:9,0
DA:10,0
DA:11,0
DA:12,0
DA:15,0
DA:18,0
DA:20,0
DA:21,0
DA:22,0
DA:24,0
DA:25,0
DA:30,0
DA:32,0
DA:33,0
DA:36,0
DA:58,0
DA:67,0
DA:79,5
DA:80,0
DA:81,0
DA:82,0
DA:84,0
DA:85,0
DA:88,0
DA:96,0
DA:104,0
LF:32
LH:5
BRDA:13,0,0,0
BRDA:13,0,1,0
BRDA:16,1,0,0
BRDA:16,1,1,0
BRDA:22,2,0,0
BRDA:36,3,0,0
BRDA:49,4,0,0
BRDA:63,5,0,0
BRDA:88,6,0,0
BRF:9
BRH:0
end_of_record
TN:
SF:components\ErrorMessage.tsx
FN:8,ErrorMessage
FNF:1
FNH:0
FNDA:0,ErrorMessage
DA:2,1
DA:8,5
LF:2
LH:2
BRF:0
BRH:0
end_of_record
TN:
SF:components\LoadingSpinner.tsx
FN:4,(anonymous_2)
FNF:1
FNH:0
FNDA:0,(anonymous_2)
DA:2,1
DA:4,1
DA:12,3
LF:3
LH:3
BRF:0
BRH:0
end_of_record
TN:
SF:components\PermissionDenied.tsx
FN:8,PermissionDenied
FNF:1
FNH:0
FNDA:0,PermissionDenied
DA:2,1
DA:8,4
LF:2
LH:2
BRF:0
BRH:0
end_of_record
TN:
SF:components\Real-TimeChat.tsx
FN:14,ChatComponent
FN:19,(anonymous_5)
FN:34,(anonymous_6)
FN:45,(anonymous_7)
FN:62,(anonymous_8)
FN:64,(anonymous_9)
FNF:6
FNH:0
FNDA:0,ChatComponent
FNDA:0,(anonymous_5)
FNDA:0,(anonymous_6)
FNDA:0,(anonymous_7)
FNDA:0,(anonymous_8)
FNDA:0,(anonymous_9)
DA:1,2
DA:2,2
DA:3,2
DA:4,2
DA:5,2
DA:14,11
DA:15,0
DA:16,0
DA:17,0
DA:19,0
DA:20,0
DA:21,0
DA:22,0
DA:29,0
DA:30,0
DA:34,0
DA:36,0
DA:37,0
DA:38,0
DA:46,0
DA:62,0
DA:64,0
LF:22
LH:6
BRDA:21,0,0,0
BRDA:37,1,0,0
BRDA:48,2,0,0
BRDA:48,2,1,0
BRDA:64,3,0,0
BRDA:64,3,1,0
BRF:6
BRH:0
end_of_record
TN:
SF:components\Real-TimeDashboard.tsx
FN:5,RealtimeDashboard
FN:9,(anonymous_3)
FN:16,(anonymous_4)
FN:25,(anonymous_5)
FNF:4
FNH:0
FNDA:0,RealtimeDashboard
FNDA:0,(anonymous_3)
FNDA:0,(anonymous_4)
FNDA:0,(anonymous_5)
DA:1,1
DA:2,1
DA:3,1
DA:5,5
DA:6,0
DA:7,0
DA:9,0
DA:10,0
DA:17,0
DA:25,0
LF:10
LH:4
BRF:0
BRH:0
end_of_record
TN:
SF:components\ui\button.tsx
FN:44,(anonymous_6)
FNF:1
FNH:0
FNDA:0,(anonymous_6)
DA:1,2
DA:2,2
DA:3,2
DA:5,2
DA:7,2
DA:43,2
DA:45,0
DA:55,2
DA:57,0
LF:9
LH:7
BRDA:44,0,0,0
BRDA:45,1,0,0
BRDA:45,1,1,0
BRF:3
BRH:0
end_of_record
TN:
SF:components\ui\input.tsx
FN:9,(anonymous_4)
FNF:1
FNH:0
FNDA:0,(anonymous_4)
DA:1,2
DA:3,2
DA:8,2
DA:23,2
DA:25,0
LF:5
LH:4
BRF:0
BRH:0
end_of_record
TN:
SF:convex\_generated\api.js
FNF:0
FNH:0
DA:12,2
DA:22,2
DA:23,2
LF:3
LH:3
BRF:0
BRH:0
end_of_record
TN:
SF:lib\utils.ts
FN:4,cn
FNF:1
FNH:0
FNDA:0,cn
DA:1,2
DA:2,2
DA:4,0
DA:5,0
LF:4
LH:2
BRF:0
BRH:0
end_of_record
